<?xml version="1.0" encoding="UTF-8"?>
<testng-results ignored="0" total="2" passed="1" failed="1" skipped="0">
  <reporter-output>
  </reporter-output>
  <suite started-at="2024-07-18T01:25:46 BDT" name="Default suite" finished-at="2024-07-18T01:26:39 BDT" duration-ms="52806">
    <groups>
    </groups>
    <test started-at="2024-07-18T01:25:46 BDT" name="Default test" finished-at="2024-07-18T01:26:39 BDT" duration-ms="52806">
      <class name="JSscript.Dynamic_Discount_Selenium.Test.ProductBaseDiscountTest">
        <test-method signature="LoginTest(java.util.List)[pri:0, instance:JSscript.Dynamic_Discount_Selenium.Test.ProductBaseDiscountTest@4d5650ae]" started-at="2024-07-18T01:25:47 BDT" name="LoginTest" data-provider="loginData" finished-at="2024-07-18T01:25:54 BDT" duration-ms="6978" status="PASS">
          <params>
            <param index="0">
              <value>
                <![CDATA[[LoginDTO [username=admin, password=admin]]]]>
              </value>
            </param>
          </params>
          <reporter-output>
          </reporter-output>
        </test-method> <!-- LoginTest -->
        <test-method signature="TestforProductBaseDiscount(java.util.List)[pri:0, instance:JSscript.Dynamic_Discount_Selenium.Test.ProductBaseDiscountTest@4d5650ae]" started-at="2024-07-18T01:25:54 BDT" name="TestforProductBaseDiscount" data-provider="ProductData" finished-at="2024-07-18T01:26:39 BDT" duration-ms="45210" status="FAIL">
          <params>
            <param index="0">
              <value>
                <![CDATA[[ProductDataProvider [productName=Beanie, expectedamount=null]]]]>
              </value>
            </param>
          </params>
          <exception class="java.lang.AssertionError">
            <message>
              <![CDATA[expected [60.0] but found [57.6]]]>
            </message>
            <full-stacktrace>
              <![CDATA[java.lang.AssertionError: expected [60.0] but found [57.6]
at org.testng.Assert.fail(Assert.java:111)
at org.testng.Assert.failNotEquals(Assert.java:1578)
at org.testng.Assert.assertEqualsImpl(Assert.java:150)
at org.testng.Assert.assertEquals(Assert.java:132)
at org.testng.Assert.assertEquals(Assert.java:765)
at org.testng.Assert.assertEquals(Assert.java:795)
at JSscript.Dynamic_Discount_Selenium.Test.ProductBaseDiscountTest.TestforProductBaseDiscount(ProductBaseDiscountTest.java:204)
at java.base/jdk.internal.reflect.NativeMethodAccessorImpl.invoke0(Native Method)
at java.base/jdk.internal.reflect.NativeMethodAccessorImpl.invoke(NativeMethodAccessorImpl.java:77)
at java.base/jdk.internal.reflect.DelegatingMethodAccessorImpl.invoke(DelegatingMethodAccessorImpl.java:43)
at java.base/java.lang.reflect.Method.invoke(Method.java:568)
at org.testng.internal.invokers.MethodInvocationHelper.invokeMethod(MethodInvocationHelper.java:141)
at org.testng.internal.invokers.TestInvoker.invokeMethod(TestInvoker.java:686)
at org.testng.internal.invokers.TestInvoker.invokeTestMethod(TestInvoker.java:230)
at org.testng.internal.invokers.MethodRunner.runInSequence(MethodRunner.java:63)
at org.testng.internal.invokers.TestInvoker$MethodInvocationAgent.invoke(TestInvoker.java:992)
at org.testng.internal.invokers.TestInvoker.invokeTestMethods(TestInvoker.java:203)
at org.testng.internal.invokers.TestMethodWorker.invokeTestMethods(TestMethodWorker.java:154)
at org.testng.internal.invokers.TestMethodWorker.run(TestMethodWorker.java:134)
at java.base/java.util.ArrayList.forEach(ArrayList.java:1511)
at org.testng.TestRunner.privateRun(TestRunner.java:739)
at org.testng.TestRunner.run(TestRunner.java:614)
at org.testng.SuiteRunner.runTest(SuiteRunner.java:421)
at org.testng.SuiteRunner.runSequentially(SuiteRunner.java:413)
at org.testng.SuiteRunner.privateRun(SuiteRunner.java:373)
at org.testng.SuiteRunner.run(SuiteRunner.java:312)
at org.testng.SuiteRunnerWorker.runSuite(SuiteRunnerWorker.java:52)
at org.testng.SuiteRunnerWorker.run(SuiteRunnerWorker.java:95)
at org.testng.TestNG.runSuitesSequentially(TestNG.java:1274)
at org.testng.TestNG.runSuitesLocally(TestNG.java:1208)
at org.testng.TestNG.runSuites(TestNG.java:1112)
at org.testng.TestNG.run(TestNG.java:1079)
at org.testng.remote.AbstractRemoteTestNG.run(AbstractRemoteTestNG.java:115)
at org.testng.remote.RemoteTestNG.initAndRun(RemoteTestNG.java:293)
at org.testng.remote.RemoteTestNG.main(RemoteTestNG.java:91)
]]>
            </full-stacktrace>
          </exception> <!-- java.lang.AssertionError -->
          <reporter-output>
          </reporter-output>
        </test-method> <!-- TestforProductBaseDiscount -->
      </class> <!-- JSscript.Dynamic_Discount_Selenium.Test.ProductBaseDiscountTest -->
    </test> <!-- Default test -->
  </suite> <!-- Default suite -->
</testng-results>
